This is pdfTeX, Version 3.1415926-1.40.10 (MiKTeX 2.8) (preloaded format=latex 2010.8.16)  28 AUG 2010 16:42
entering extended mode
**ExhibitsJuly_2010.tex

("C:\Documents and Settings\Administrator\Desktop\risk budget programs\text pap
er\ExhibitsJuly_2010.tex"
LaTeX2e <2009/09/24>
Babel <v3.8l> and hyphenation patterns for english, dumylang, nohyphenation, ge
rman, ngerman, german-x-2009-06-19, ngerman-x-2009-06-19, french, loaded.
("C:\Program Files\MiKTeX 2.8\tex\latex\base\article.cls"
Document Class: article 2007/10/19 v1.4h Standard LaTeX document class
("C:\Program Files\MiKTeX 2.8\tex\latex\base\size11.clo"
File: size11.clo 2007/10/19 v1.4h Standard LaTeX file (size option)
)
\c@part=\count79
\c@section=\count80
\c@subsection=\count81
\c@subsubsection=\count82
\c@paragraph=\count83
\c@subparagraph=\count84
\c@figure=\count85
\c@table=\count86
\abovecaptionskip=\skip41
\belowcaptionskip=\skip42
\bibindent=\dimen102
)
("C:\Program Files\MiKTeX 2.8\tex\latex\graphics\graphicx.sty"
Package: graphicx 1999/02/16 v1.0f Enhanced LaTeX Graphics (DPC,SPQR)

("C:\Program Files\MiKTeX 2.8\tex\latex\graphics\keyval.sty"
Package: keyval 1999/03/16 v1.13 key=value parser (DPC)
\KV@toks@=\toks14
)
("C:\Program Files\MiKTeX 2.8\tex\latex\graphics\graphics.sty"
Package: graphics 2009/02/05 v1.0o Standard LaTeX Graphics (DPC,SPQR)

("C:\Program Files\MiKTeX 2.8\tex\latex\graphics\trig.sty"
Package: trig 1999/03/16 v1.09 sin cos tan (DPC)
)
("C:\Program Files\MiKTeX 2.8\tex\latex\00miktex\graphics.cfg"
File: graphics.cfg 2007/01/18 v1.5 graphics configuration of teTeX/TeXLive
)
Package graphics Info: Driver file: dvips.def on input line 91.

("C:\Program Files\MiKTeX 2.8\tex\latex\graphics\dvips.def"
File: dvips.def 1999/02/16 v3.0i Driver-dependant file (DPC,SPQR)
))
\Gin@req@height=\dimen103
\Gin@req@width=\dimen104
)
("C:\Documents and Settings\Administrator\Application Data\MiKTeX\2.8\tex\latex
\natbib\natbib.sty"
Package: natbib 2009/11/07 8.31a (PWD, AO)
\bibhang=\skip43
\bibsep=\skip44
LaTeX Info: Redefining \cite on input line 694.
\c@NAT@ctr=\count87
) ("C:\Program Files\MiKTeX 2.8\tex\latex\graphics\lscape.sty"
Package: lscape 2000/10/22 v3.01 Landscape Pages (DPC)
) ("C:\Program Files\MiKTeX 2.8\tex\latex\ams\math\amsmath.sty"
Package: amsmath 2000/07/18 v2.13 AMS math features
\@mathmargin=\skip45

For additional information on amsmath, use the `?' option.
("C:\Program Files\MiKTeX 2.8\tex\latex\ams\math\amstext.sty"
Package: amstext 2000/06/29 v2.01

("C:\Program Files\MiKTeX 2.8\tex\latex\ams\math\amsgen.sty"
File: amsgen.sty 1999/11/30 v2.0
\@emptytoks=\toks15
\ex@=\dimen105
))
("C:\Program Files\MiKTeX 2.8\tex\latex\ams\math\amsbsy.sty"
Package: amsbsy 1999/11/29 v1.2d
\pmbraise@=\dimen106
)
("C:\Program Files\MiKTeX 2.8\tex\latex\ams\math\amsopn.sty"
Package: amsopn 1999/12/14 v2.01 operator names
)
\inf@bad=\count88
LaTeX Info: Redefining \frac on input line 211.
\uproot@=\count89
\leftroot@=\count90
LaTeX Info: Redefining \overline on input line 307.
\classnum@=\count91
\DOTSCASE@=\count92
LaTeX Info: Redefining \ldots on input line 379.
LaTeX Info: Redefining \dots on input line 382.
LaTeX Info: Redefining \cdots on input line 467.
\Mathstrutbox@=\box26
\strutbox@=\box27
\big@size=\dimen107
LaTeX Font Info:    Redeclaring font encoding OML on input line 567.
LaTeX Font Info:    Redeclaring font encoding OMS on input line 568.
\macc@depth=\count93
\c@MaxMatrixCols=\count94
\dotsspace@=\muskip10
\c@parentequation=\count95
\dspbrk@lvl=\count96
\tag@help=\toks16
\row@=\count97
\column@=\count98
\maxfields@=\count99
\andhelp@=\toks17
\eqnshift@=\dimen108
\alignsep@=\dimen109
\tagshift@=\dimen110
\tagwidth@=\dimen111
\totwidth@=\dimen112
\lineht@=\dimen113
\@envbody=\toks18
\multlinegap=\skip46
\multlinetaggap=\skip47
\mathdisplay@stack=\toks19
LaTeX Info: Redefining \[ on input line 2666.
LaTeX Info: Redefining \] on input line 2667.
)
("C:\Documents and Settings\Administrator\Desktop\risk budget programs\text pap
er\ExhibitsJuly_2010.aux")
LaTeX Font Info:    Checking defaults for OML/cmm/m/it on input line 14.
LaTeX Font Info:    ... okay on input line 14.
LaTeX Font Info:    Checking defaults for T1/cmr/m/n on input line 14.
LaTeX Font Info:    ... okay on input line 14.
LaTeX Font Info:    Checking defaults for OT1/cmr/m/n on input line 14.
LaTeX Font Info:    ... okay on input line 14.
LaTeX Font Info:    Checking defaults for OMS/cmsy/m/n on input line 14.
LaTeX Font Info:    ... okay on input line 14.
LaTeX Font Info:    Checking defaults for OMX/cmex/m/n on input line 14.
LaTeX Font Info:    ... okay on input line 14.
LaTeX Font Info:    Checking defaults for U/cmr/m/n on input line 14.
LaTeX Font Info:    ... okay on input line 14.
File: sensitivity_rho50.eps Graphic file (type eps)
 <sensitivity_rho50.eps> [17

]
Underfull \hbox (badness 1990) in paragraph at lines 76--76
[][]\OT1/cmr/m/n/10.95 Exhibit 3: Mean/CVaR and Mean/CVaR con-cen-tra-tion fron
-tiers of mean/StdDev,
 []

File: frontier_fourassets.eps Graphic file (type eps)
<frontier_fourassets.eps>
Overfull \hbox (7.109pt too wide) in paragraph at lines 77--78
 [][] 
 []

File: stackedweightsriskcont_efficientfrontier.eps Graphic file (type eps)
<stackedweightsriskcont_efficientfrontier.eps>
Overfull \hbox (7.109pt too wide) in paragraph at lines 86--87
 [][] 
 []

File: stackedweightsriskcont_benchmark.eps Graphic file (type eps)
<stackedweightsriskcont_benchmark.eps>
Overfull \hbox (7.109pt too wide) in paragraph at lines 98--99
 [][] 
 []

File: portfolioCVaR.eps Graphic file (type eps)
<portfolioCVaR.eps>
Overfull \hbox (7.109pt too wide) in paragraph at lines 108--109
 [][] 
 []

File: RelPerf_EW.eps Graphic file (type eps)
<RelPerf_EW.eps>
Overfull \hbox (7.109pt too wide) in paragraph at lines 117--118
 [][] 
 []

File: MinCVaR_alternatives.eps Graphic file (type eps)
<MinCVaR_alternatives.eps>
Overfull \hbox (7.109pt too wide) in paragraph at lines 126--127
 [][] 
 []


Overfull \hbox (37.49652pt too wide) in paragraph at lines 168--169
 [][] 
 []

[18] [19] [20] [21] [22] [23] [24] [25]
("C:\Documents and Settings\Administrator\Desktop\risk budget programs\text pap
er\ExhibitsJuly_2010.aux") ) 
Here is how much of TeX's memory you used:
 1497 strings out of 495286
 18339 string characters out of 3180339
 90435 words of memory out of 3000000
 4722 multiletter control sequences out of 15000+200000
 8241 words of font info for 30 fonts, out of 3000000 for 9000
 14 hyphenation exceptions out of 8191
 27i,10n,20p,405b,315s stack positions out of 5000i,500n,10000p,200000b,50000s

Output written on ExhibitsJuly_2010.dvi (9 pages, 12036 bytes).
